<?xml version="1.0" encoding="UTF-8"?>
<testsuite xmlns:xsi="http://www.w3.org/2001/XMLSchema-instance" xsi:noNamespaceSchemaLocation="https://maven.apache.org/surefire/maven-surefire-plugin/xsd/surefire-test-report-3.0.xsd" version="3.0" name="org.sonar.samples.java.checks.MyCustomSubscriptionRuleTest" time="0.054" tests="1" errors="0" skipped="0" failures="0">
  <properties>
    <property name="gopherProxySet" value="false"/>
    <property name="awt.toolkit" value="sun.lwawt.macosx.LWCToolkit"/>
    <property name="file.encoding.pkg" value="sun.io"/>
    <property name="java.specification.version" value="1.8"/>
    <property name="sun.cpu.isalist" value=""/>
    <property name="sun.jnu.encoding" value="UTF-8"/>
    <property name="java.class.path" value="/Users/crack/workspace/sonar/target/test-classes:/Users/crack/workspace/sonar/target/classes:/Users/crack/.m2/repository/org/sonarsource/sonarqube/sonar-plugin-api/8.9.0.43852/sonar-plugin-api-8.9.0.43852.jar:/Users/crack/.m2/repository/org/sonarsource/java/sonar-java-plugin/6.15.1.26025/sonar-java-plugin-6.15.1.26025.jar:/Users/crack/.m2/repository/org/sonarsource/java/java-surefire/6.15.1.26025/java-surefire-6.15.1.26025.jar:/Users/crack/.m2/repository/com/fasterxml/staxmate/staxmate/2.4.0/staxmate-2.4.0.jar:/Users/crack/.m2/repository/org/codehaus/woodstox/stax2-api/4.2.1/stax2-api-4.2.1.jar:/Users/crack/.m2/repository/org/sonarsource/java/java-symbolic-execution/6.15.1.26025/java-symbolic-execution-6.15.1.26025.jar:/Users/crack/.m2/repository/org/sonarsource/java/java-checks/6.15.1.26025/java-checks-6.15.1.26025.jar:/Users/crack/.m2/repository/org/sonarsource/analyzer-commons/sonar-analyzer-recognizers/1.14.1.690/sonar-analyzer-recognizers-1.14.1.690.jar:/Users/crack/.m2/repository/commons-lang/commons-lang/2.6/commons-lang-2.6.jar:/Users/crack/.m2/repository/org/sonarsource/java/external-reports/6.15.1.26025/external-reports-6.15.1.26025.jar:/Users/crack/.m2/repository/org/sonarsource/java/java-jsp/6.15.1.26025/java-jsp-6.15.1.26025.jar:/Users/crack/.m2/repository/org/apache/tomcat/embed/tomcat-embed-jasper/9.0.33/tomcat-embed-jasper-9.0.33.jar:/Users/crack/.m2/repository/org/apache/tomcat/embed/tomcat-embed-core/9.0.33/tomcat-embed-core-9.0.33.jar:/Users/crack/.m2/repository/org/apache/tomcat/tomcat-annotations-api/9.0.33/tomcat-annotations-api-9.0.33.jar:/Users/crack/.m2/repository/org/apache/tomcat/embed/tomcat-embed-el/9.0.33/tomcat-embed-el-9.0.33.jar:/Users/crack/.m2/repository/org/sonarsource/analyzer-commons/sonar-xml-parsing/1.14.1.690/sonar-xml-parsing-1.14.1.690.jar:/Users/crack/.m2/repository/xerces/xercesImpl/2.12.0/xercesImpl-2.12.0.jar:/Users/crack/.m2/repository/xml-apis/xml-apis/1.4.01/xml-apis-1.4.01.jar:/Users/crack/.m2/repository/com/fasterxml/woodstox/woodstox-core/5.2.0/woodstox-core-5.2.0.jar:/Users/crack/.m2/repository/org/sonarsource/analyzer-commons/sonar-analyzer-commons/1.24.0.965/sonar-analyzer-commons-1.24.0.965.jar:/Users/crack/.m2/repository/org/sonarsource/java/java-checks-testkit/6.15.1.26025/java-checks-testkit-6.15.1.26025.jar:/Users/crack/.m2/repository/com/google/code/gson/gson/2.8.6/gson-2.8.6.jar:/Users/crack/.m2/repository/com/google/code/findbugs/jsr305/3.0.2/jsr305-3.0.2.jar:/Users/crack/.m2/repository/org/junit/jupiter/junit-jupiter/5.7.0/junit-jupiter-5.7.0.jar:/Users/crack/.m2/repository/org/junit/jupiter/junit-jupiter-api/5.7.0/junit-jupiter-api-5.7.0.jar:/Users/crack/.m2/repository/org/opentest4j/opentest4j/1.2.0/opentest4j-1.2.0.jar:/Users/crack/.m2/repository/org/junit/platform/junit-platform-commons/1.7.0/junit-platform-commons-1.7.0.jar:/Users/crack/.m2/repository/org/junit/jupiter/junit-jupiter-params/5.7.0/junit-jupiter-params-5.7.0.jar:/Users/crack/.m2/repository/org/junit/jupiter/junit-jupiter-engine/5.7.0/junit-jupiter-engine-5.7.0.jar:/Users/crack/.m2/repository/org/junit/platform/junit-platform-engine/1.7.0/junit-platform-engine-1.7.0.jar:/Users/crack/.m2/repository/org/junit/jupiter/junit-jupiter-migrationsupport/5.7.0/junit-jupiter-migrationsupport-5.7.0.jar:/Users/crack/.m2/repository/junit/junit/4.13/junit-4.13.jar:/Users/crack/.m2/repository/org/hamcrest/hamcrest-core/1.3/hamcrest-core-1.3.jar:/Users/crack/.m2/repository/org/apiguardian/apiguardian-api/1.1.0/apiguardian-api-1.1.0.jar:/Users/crack/.m2/repository/org/assertj/assertj-core/3.19.0/assertj-core-3.19.0.jar:/Users/crack/.m2/repository/org/sonarsource/java/java-frontend/6.15.1.26025/java-frontend-6.15.1.26025.jar:/Users/crack/.m2/repository/org/sonarsource/java/jdt/6.15.1.26025/jdt-6.15.1.26025-shaded.jar:/Users/crack/.m2/repository/org/eclipse/jdt/org.eclipse.jdt.core/3.25.0/org.eclipse.jdt.core-3.25.0.jar:/Users/crack/.m2/repository/org/eclipse/platform/org.eclipse.core.resources/3.17.0/org.eclipse.core.resources-3.17.0.jar:/Users/crack/.m2/repository/org/eclipse/platform/org.eclipse.core.runtime/3.25.0/org.eclipse.core.runtime-3.25.0.jar:/Users/crack/.m2/repository/org/eclipse/platform/org.eclipse.osgi/3.18.0/org.eclipse.osgi-3.18.0.jar:/Users/crack/.m2/repository/org/eclipse/platform/org.eclipse.equinox.common/3.16.100/org.eclipse.equinox.common-3.16.100.jar:/Users/crack/.m2/repository/org/eclipse/platform/org.eclipse.core.jobs/3.13.0/org.eclipse.core.jobs-3.13.0.jar:/Users/crack/.m2/repository/org/eclipse/platform/org.eclipse.equinox.preferences/3.10.1/org.eclipse.equinox.preferences-3.10.1.jar:/Users/crack/.m2/repository/org/osgi/org.osgi.service.prefs/1.1.2/org.osgi.service.prefs-1.1.2.jar:/Users/crack/.m2/repository/org/osgi/osgi.annotation/8.0.1/osgi.annotation-8.0.1.jar:/Users/crack/.m2/repository/org/eclipse/platform/org.eclipse.core.contenttype/3.8.100/org.eclipse.core.contenttype-3.8.100.jar:/Users/crack/.m2/repository/org/eclipse/platform/org.eclipse.text/3.12.100/org.eclipse.text-3.12.100.jar:/Users/crack/.m2/repository/org/eclipse/platform/org.eclipse.core.commands/3.10.200/org.eclipse.core.commands-3.10.200.jar:/Users/crack/.m2/repository/org/sonarsource/sslr/sslr-core/1.24.0.633/sslr-core-1.24.0.633.jar:/Users/crack/.m2/repository/org/apache/commons/commons-lang3/3.12.0/commons-lang3-3.12.0.jar:/Users/crack/.m2/repository/org/sonarsource/analyzer-commons/sonar-regex-parsing/1.14.1.690/sonar-regex-parsing-1.14.1.690.jar:"/>
    <property name="java.vm.vendor" value="Oracle Corporation"/>
    <property name="sun.arch.data.model" value="64"/>
    <property name="java.vendor.url" value="http://java.oracle.com/"/>
    <property name="user.timezone" value=""/>
    <property name="java.vm.specification.version" value="1.8"/>
    <property name="os.name" value="Mac OS X"/>
    <property name="user.country" value="CN"/>
    <property name="sun.java.launcher" value="SUN_STANDARD"/>
    <property name="sun.boot.library.path" value="/Library/Java/JavaVirtualMachines/jdk1.8.0_291.jdk/Contents/Home/jre/lib"/>
    <property name="sun.java.command" value="/Users/crack/workspace/sonar/target/surefire/surefirebooter-20220721172915095_3.jar /Users/crack/workspace/sonar/target/surefire 2022-07-21T17-29-14_286-jvmRun1 surefire-20220721172915095_1tmp surefire_0-20220721172915095_2tmp"/>
    <property name="http.nonProxyHosts" value="360.cn|*.360.cn|ali.com|*.ali.com|alibaba-inc.com|*.alibaba-inc.com|alibaba.com|*.alibaba.com|alibaba.net|*.alibaba.net|alibabacorp.com|*.alibabacorp.com|alicdn.com|*.alicdn.com|aliexpress.com|*.aliexpress.com|alikunlun.com|*.alikunlun.com|alipay-corp.com|*.alipay-corp.com|alipay-inc.com|*.alipay-inc.com|alipay.com|*.alipay.com|alipay.net|*.alipay.net|alipayobjects.com|*.alipayobjects.com|alitrip.com|*.alitrip.com|aliway.com|*.aliway.com|aliyun-inc.com|*.aliyun-inc.com|aliyun.com|*.aliyun.com|aliyuncs.com|*.aliyuncs.com|alizoo.com|*.alizoo.com|amap.com|*.amap.com|antfin-inc.com|*.antfin-inc.com|antfin.com|*.antfin.com|antfinancial-corp.com|*.antfinancial-corp.com|antsdaq-corp.com|*.antsdaq-corp.com|anyproxy.io|*.anyproxy.io|appx.dev|*.appx.dev|appx.run|*.appx.run|atatech.org|*.atatech.org|cainiao-inc.com|*.cainiao-inc.com|cnzz.com|*.cnzz.com|dingtalk.com|*.dingtalk.com|dingtalkapps.com|*.dingtalkapps.com|drophone-hive.com|*.drophone-hive.com|drophone.com|*.drophone.com|effirst.com|*.effirst.com|ele.me|*.ele.me|ele.to|*.ele.to|eleme.cn|*.eleme.cn|eleme.com.cn|*.eleme.com.cn|eleme.io|*.eleme.io|elemecdn.cn|*.elemecdn.cn|elemecdn.com|*.elemecdn.com|elenet.me|*.elenet.me|hemaos.com|*.hemaos.com|keruyun.com|*.keruyun.com|koubei-corp.com|*.koubei-corp.com|mayibank.net|*.mayibank.net|mini-code.com|*.mini-code.com|mini.dev|*.mini.dev|miniapp.dev|*.miniapp.dev|miniprogram.dev|*.miniprogram.dev|mmstat.com|*.mmstat.com|mybank-corp.cn|*.mybank-corp.cn|nlark.com|*.nlark.com|oceanbase.com|*.oceanbase.com|rajax-inc.com|*.rajax-inc.com|rajax-inc.net|*.rajax-inc.net|rajax.me|*.rajax.me|shishike.com|*.shishike.com|sm.cn|*.sm.cn|taobao.com|*.taobao.com|taobao.net|*.taobao.net|taobao.org|*.taobao.org|tbcdn.cn|*.tbcdn.cn|tbsite.net|*.tbsite.net|tmall.com|*.tmall.com|tmall.net|*.tmall.net|ucweb.local|*.ucweb.local|weiyun.com|*.weiyun.com|yisou.com|*.yisou.com|yunos-inc.com|*.yunos-inc.com|yunos.com|*.yunos.com|zmxy-corp.com.cn|*.zmxy-corp.com.cn|alipayobjects.com|*.alipayobjects.com|cloudprinter-hz.taobao.ali.com|*.cloudprinter-hz.taobao.ali.com|done.cdn.alibabadesign.com|*.done.cdn.alibabadesign.com|h5.dingtalk.co|*.h5.dingtalk.co|weibo.com|*.weibo.com"/>
    <property name="surefire.test.class.path" value="/Users/crack/workspace/sonar/target/test-classes:/Users/crack/workspace/sonar/target/classes:/Users/crack/.m2/repository/org/sonarsource/sonarqube/sonar-plugin-api/8.9.0.43852/sonar-plugin-api-8.9.0.43852.jar:/Users/crack/.m2/repository/org/sonarsource/java/sonar-java-plugin/6.15.1.26025/sonar-java-plugin-6.15.1.26025.jar:/Users/crack/.m2/repository/org/sonarsource/java/java-surefire/6.15.1.26025/java-surefire-6.15.1.26025.jar:/Users/crack/.m2/repository/com/fasterxml/staxmate/staxmate/2.4.0/staxmate-2.4.0.jar:/Users/crack/.m2/repository/org/codehaus/woodstox/stax2-api/4.2.1/stax2-api-4.2.1.jar:/Users/crack/.m2/repository/org/sonarsource/java/java-symbolic-execution/6.15.1.26025/java-symbolic-execution-6.15.1.26025.jar:/Users/crack/.m2/repository/org/sonarsource/java/java-checks/6.15.1.26025/java-checks-6.15.1.26025.jar:/Users/crack/.m2/repository/org/sonarsource/analyzer-commons/sonar-analyzer-recognizers/1.14.1.690/sonar-analyzer-recognizers-1.14.1.690.jar:/Users/crack/.m2/repository/commons-lang/commons-lang/2.6/commons-lang-2.6.jar:/Users/crack/.m2/repository/org/sonarsource/java/external-reports/6.15.1.26025/external-reports-6.15.1.26025.jar:/Users/crack/.m2/repository/org/sonarsource/java/java-jsp/6.15.1.26025/java-jsp-6.15.1.26025.jar:/Users/crack/.m2/repository/org/apache/tomcat/embed/tomcat-embed-jasper/9.0.33/tomcat-embed-jasper-9.0.33.jar:/Users/crack/.m2/repository/org/apache/tomcat/embed/tomcat-embed-core/9.0.33/tomcat-embed-core-9.0.33.jar:/Users/crack/.m2/repository/org/apache/tomcat/tomcat-annotations-api/9.0.33/tomcat-annotations-api-9.0.33.jar:/Users/crack/.m2/repository/org/apache/tomcat/embed/tomcat-embed-el/9.0.33/tomcat-embed-el-9.0.33.jar:/Users/crack/.m2/repository/org/sonarsource/analyzer-commons/sonar-xml-parsing/1.14.1.690/sonar-xml-parsing-1.14.1.690.jar:/Users/crack/.m2/repository/xerces/xercesImpl/2.12.0/xercesImpl-2.12.0.jar:/Users/crack/.m2/repository/xml-apis/xml-apis/1.4.01/xml-apis-1.4.01.jar:/Users/crack/.m2/repository/com/fasterxml/woodstox/woodstox-core/5.2.0/woodstox-core-5.2.0.jar:/Users/crack/.m2/repository/org/sonarsource/analyzer-commons/sonar-analyzer-commons/1.24.0.965/sonar-analyzer-commons-1.24.0.965.jar:/Users/crack/.m2/repository/org/sonarsource/java/java-checks-testkit/6.15.1.26025/java-checks-testkit-6.15.1.26025.jar:/Users/crack/.m2/repository/com/google/code/gson/gson/2.8.6/gson-2.8.6.jar:/Users/crack/.m2/repository/com/google/code/findbugs/jsr305/3.0.2/jsr305-3.0.2.jar:/Users/crack/.m2/repository/org/junit/jupiter/junit-jupiter/5.7.0/junit-jupiter-5.7.0.jar:/Users/crack/.m2/repository/org/junit/jupiter/junit-jupiter-api/5.7.0/junit-jupiter-api-5.7.0.jar:/Users/crack/.m2/repository/org/opentest4j/opentest4j/1.2.0/opentest4j-1.2.0.jar:/Users/crack/.m2/repository/org/junit/platform/junit-platform-commons/1.7.0/junit-platform-commons-1.7.0.jar:/Users/crack/.m2/repository/org/junit/jupiter/junit-jupiter-params/5.7.0/junit-jupiter-params-5.7.0.jar:/Users/crack/.m2/repository/org/junit/jupiter/junit-jupiter-engine/5.7.0/junit-jupiter-engine-5.7.0.jar:/Users/crack/.m2/repository/org/junit/platform/junit-platform-engine/1.7.0/junit-platform-engine-1.7.0.jar:/Users/crack/.m2/repository/org/junit/jupiter/junit-jupiter-migrationsupport/5.7.0/junit-jupiter-migrationsupport-5.7.0.jar:/Users/crack/.m2/repository/junit/junit/4.13/junit-4.13.jar:/Users/crack/.m2/repository/org/hamcrest/hamcrest-core/1.3/hamcrest-core-1.3.jar:/Users/crack/.m2/repository/org/apiguardian/apiguardian-api/1.1.0/apiguardian-api-1.1.0.jar:/Users/crack/.m2/repository/org/assertj/assertj-core/3.19.0/assertj-core-3.19.0.jar:/Users/crack/.m2/repository/org/sonarsource/java/java-frontend/6.15.1.26025/java-frontend-6.15.1.26025.jar:/Users/crack/.m2/repository/org/sonarsource/java/jdt/6.15.1.26025/jdt-6.15.1.26025-shaded.jar:/Users/crack/.m2/repository/org/eclipse/jdt/org.eclipse.jdt.core/3.25.0/org.eclipse.jdt.core-3.25.0.jar:/Users/crack/.m2/repository/org/eclipse/platform/org.eclipse.core.resources/3.17.0/org.eclipse.core.resources-3.17.0.jar:/Users/crack/.m2/repository/org/eclipse/platform/org.eclipse.core.runtime/3.25.0/org.eclipse.core.runtime-3.25.0.jar:/Users/crack/.m2/repository/org/eclipse/platform/org.eclipse.osgi/3.18.0/org.eclipse.osgi-3.18.0.jar:/Users/crack/.m2/repository/org/eclipse/platform/org.eclipse.equinox.common/3.16.100/org.eclipse.equinox.common-3.16.100.jar:/Users/crack/.m2/repository/org/eclipse/platform/org.eclipse.core.jobs/3.13.0/org.eclipse.core.jobs-3.13.0.jar:/Users/crack/.m2/repository/org/eclipse/platform/org.eclipse.equinox.preferences/3.10.1/org.eclipse.equinox.preferences-3.10.1.jar:/Users/crack/.m2/repository/org/osgi/org.osgi.service.prefs/1.1.2/org.osgi.service.prefs-1.1.2.jar:/Users/crack/.m2/repository/org/osgi/osgi.annotation/8.0.1/osgi.annotation-8.0.1.jar:/Users/crack/.m2/repository/org/eclipse/platform/org.eclipse.core.contenttype/3.8.100/org.eclipse.core.contenttype-3.8.100.jar:/Users/crack/.m2/repository/org/eclipse/platform/org.eclipse.text/3.12.100/org.eclipse.text-3.12.100.jar:/Users/crack/.m2/repository/org/eclipse/platform/org.eclipse.core.commands/3.10.200/org.eclipse.core.commands-3.10.200.jar:/Users/crack/.m2/repository/org/sonarsource/sslr/sslr-core/1.24.0.633/sslr-core-1.24.0.633.jar:/Users/crack/.m2/repository/org/apache/commons/commons-lang3/3.12.0/commons-lang3-3.12.0.jar:/Users/crack/.m2/repository/org/sonarsource/analyzer-commons/sonar-regex-parsing/1.14.1.690/sonar-regex-parsing-1.14.1.690.jar:"/>
    <property name="sun.cpu.endian" value="little"/>
    <property name="user.home" value="/Users/crack"/>
    <property name="user.language" value="zh"/>
    <property name="java.specification.vendor" value="Oracle Corporation"/>
    <property name="java.home" value="/Library/Java/JavaVirtualMachines/jdk1.8.0_291.jdk/Contents/Home/jre"/>
    <property name="basedir" value="/Users/crack/workspace/sonar"/>
    <property name="file.separator" value="/"/>
    <property name="line.separator" value="&#10;"/>
    <property name="java.vm.specification.vendor" value="Oracle Corporation"/>
    <property name="java.specification.name" value="Java Platform API Specification"/>
    <property name="java.awt.graphicsenv" value="sun.awt.CGraphicsEnvironment"/>
    <property name="surefire.real.class.path" value="/Users/crack/workspace/sonar/target/surefire/surefirebooter-20220721172915095_3.jar:/Users/crack/.m2/repository/org/jacoco/org.jacoco.agent/0.8.7/org.jacoco.agent-0.8.7-runtime.jar"/>
    <property name="sun.boot.class.path" value="/Library/Java/JavaVirtualMachines/jdk1.8.0_291.jdk/Contents/Home/jre/lib/resources.jar:/Library/Java/JavaVirtualMachines/jdk1.8.0_291.jdk/Contents/Home/jre/lib/rt.jar:/Library/Java/JavaVirtualMachines/jdk1.8.0_291.jdk/Contents/Home/jre/lib/sunrsasign.jar:/Library/Java/JavaVirtualMachines/jdk1.8.0_291.jdk/Contents/Home/jre/lib/jsse.jar:/Library/Java/JavaVirtualMachines/jdk1.8.0_291.jdk/Contents/Home/jre/lib/jce.jar:/Library/Java/JavaVirtualMachines/jdk1.8.0_291.jdk/Contents/Home/jre/lib/charsets.jar:/Library/Java/JavaVirtualMachines/jdk1.8.0_291.jdk/Contents/Home/jre/lib/jfr.jar:/Library/Java/JavaVirtualMachines/jdk1.8.0_291.jdk/Contents/Home/jre/classes"/>
    <property name="sun.management.compiler" value="HotSpot 64-Bit Tiered Compilers"/>
    <property name="ftp.nonProxyHosts" value="360.cn|*.360.cn|ali.com|*.ali.com|alibaba-inc.com|*.alibaba-inc.com|alibaba.com|*.alibaba.com|alibaba.net|*.alibaba.net|alibabacorp.com|*.alibabacorp.com|alicdn.com|*.alicdn.com|aliexpress.com|*.aliexpress.com|alikunlun.com|*.alikunlun.com|alipay-corp.com|*.alipay-corp.com|alipay-inc.com|*.alipay-inc.com|alipay.com|*.alipay.com|alipay.net|*.alipay.net|alipayobjects.com|*.alipayobjects.com|alitrip.com|*.alitrip.com|aliway.com|*.aliway.com|aliyun-inc.com|*.aliyun-inc.com|aliyun.com|*.aliyun.com|aliyuncs.com|*.aliyuncs.com|alizoo.com|*.alizoo.com|amap.com|*.amap.com|antfin-inc.com|*.antfin-inc.com|antfin.com|*.antfin.com|antfinancial-corp.com|*.antfinancial-corp.com|antsdaq-corp.com|*.antsdaq-corp.com|anyproxy.io|*.anyproxy.io|appx.dev|*.appx.dev|appx.run|*.appx.run|atatech.org|*.atatech.org|cainiao-inc.com|*.cainiao-inc.com|cnzz.com|*.cnzz.com|dingtalk.com|*.dingtalk.com|dingtalkapps.com|*.dingtalkapps.com|drophone-hive.com|*.drophone-hive.com|drophone.com|*.drophone.com|effirst.com|*.effirst.com|ele.me|*.ele.me|ele.to|*.ele.to|eleme.cn|*.eleme.cn|eleme.com.cn|*.eleme.com.cn|eleme.io|*.eleme.io|elemecdn.cn|*.elemecdn.cn|elemecdn.com|*.elemecdn.com|elenet.me|*.elenet.me|hemaos.com|*.hemaos.com|keruyun.com|*.keruyun.com|koubei-corp.com|*.koubei-corp.com|mayibank.net|*.mayibank.net|mini-code.com|*.mini-code.com|mini.dev|*.mini.dev|miniapp.dev|*.miniapp.dev|miniprogram.dev|*.miniprogram.dev|mmstat.com|*.mmstat.com|mybank-corp.cn|*.mybank-corp.cn|nlark.com|*.nlark.com|oceanbase.com|*.oceanbase.com|rajax-inc.com|*.rajax-inc.com|rajax-inc.net|*.rajax-inc.net|rajax.me|*.rajax.me|shishike.com|*.shishike.com|sm.cn|*.sm.cn|taobao.com|*.taobao.com|taobao.net|*.taobao.net|taobao.org|*.taobao.org|tbcdn.cn|*.tbcdn.cn|tbsite.net|*.tbsite.net|tmall.com|*.tmall.com|tmall.net|*.tmall.net|ucweb.local|*.ucweb.local|weiyun.com|*.weiyun.com|yisou.com|*.yisou.com|yunos-inc.com|*.yunos-inc.com|yunos.com|*.yunos.com|zmxy-corp.com.cn|*.zmxy-corp.com.cn|alipayobjects.com|*.alipayobjects.com|cloudprinter-hz.taobao.ali.com|*.cloudprinter-hz.taobao.ali.com|done.cdn.alibabadesign.com|*.done.cdn.alibabadesign.com|h5.dingtalk.co|*.h5.dingtalk.co|weibo.com|*.weibo.com"/>
    <property name="java.runtime.version" value="1.8.0_291-b10"/>
    <property name="user.name" value="crack"/>
    <property name="path.separator" value=":"/>
    <property name="os.version" value="10.16"/>
    <property name="java.endorsed.dirs" value="/Library/Java/JavaVirtualMachines/jdk1.8.0_291.jdk/Contents/Home/jre/lib/endorsed"/>
    <property name="java.runtime.name" value="Java(TM) SE Runtime Environment"/>
    <property name="file.encoding" value="UTF-8"/>
    <property name="java.vm.name" value="Java HotSpot(TM) 64-Bit Server VM"/>
    <property name="localRepository" value="/Users/crack/.m2/repository"/>
    <property name="java.vendor.url.bug" value="http://bugreport.sun.com/bugreport/"/>
    <property name="java.io.tmpdir" value="/var/folders/y9/0z8cmcx56yb7qvs_tyc86gpc0000gp/T/"/>
    <property name="idea.version" value="2022.1.4"/>
    <property name="java.version" value="1.8.0_291"/>
    <property name="user.dir" value="/Users/crack/workspace/sonar"/>
    <property name="os.arch" value="x86_64"/>
    <property name="java.vm.specification.name" value="Java Virtual Machine Specification"/>
    <property name="java.awt.printerjob" value="sun.lwawt.macosx.CPrinterJob"/>
    <property name="sun.os.patch.level" value="unknown"/>
    <property name="java.library.path" value="/Users/crack/Library/Java/Extensions:/Library/Java/Extensions:/Network/Library/Java/Extensions:/System/Library/Java/Extensions:/usr/lib/java:."/>
    <property name="java.vm.info" value="mixed mode"/>
    <property name="java.vendor" value="Oracle Corporation"/>
    <property name="java.vm.version" value="25.291-b10"/>
    <property name="java.ext.dirs" value="/Users/crack/Library/Java/Extensions:/Library/Java/JavaVirtualMachines/jdk1.8.0_291.jdk/Contents/Home/jre/lib/ext:/Library/Java/Extensions:/Network/Library/Java/Extensions:/System/Library/Java/Extensions:/usr/lib/java"/>
    <property name="sun.io.unicode.encoding" value="UnicodeBig"/>
    <property name="java.class.version" value="52.0"/>
    <property name="socksNonProxyHosts" value="360.cn|*.360.cn|ali.com|*.ali.com|alibaba-inc.com|*.alibaba-inc.com|alibaba.com|*.alibaba.com|alibaba.net|*.alibaba.net|alibabacorp.com|*.alibabacorp.com|alicdn.com|*.alicdn.com|aliexpress.com|*.aliexpress.com|alikunlun.com|*.alikunlun.com|alipay-corp.com|*.alipay-corp.com|alipay-inc.com|*.alipay-inc.com|alipay.com|*.alipay.com|alipay.net|*.alipay.net|alipayobjects.com|*.alipayobjects.com|alitrip.com|*.alitrip.com|aliway.com|*.aliway.com|aliyun-inc.com|*.aliyun-inc.com|aliyun.com|*.aliyun.com|aliyuncs.com|*.aliyuncs.com|alizoo.com|*.alizoo.com|amap.com|*.amap.com|antfin-inc.com|*.antfin-inc.com|antfin.com|*.antfin.com|antfinancial-corp.com|*.antfinancial-corp.com|antsdaq-corp.com|*.antsdaq-corp.com|anyproxy.io|*.anyproxy.io|appx.dev|*.appx.dev|appx.run|*.appx.run|atatech.org|*.atatech.org|cainiao-inc.com|*.cainiao-inc.com|cnzz.com|*.cnzz.com|dingtalk.com|*.dingtalk.com|dingtalkapps.com|*.dingtalkapps.com|drophone-hive.com|*.drophone-hive.com|drophone.com|*.drophone.com|effirst.com|*.effirst.com|ele.me|*.ele.me|ele.to|*.ele.to|eleme.cn|*.eleme.cn|eleme.com.cn|*.eleme.com.cn|eleme.io|*.eleme.io|elemecdn.cn|*.elemecdn.cn|elemecdn.com|*.elemecdn.com|elenet.me|*.elenet.me|hemaos.com|*.hemaos.com|keruyun.com|*.keruyun.com|koubei-corp.com|*.koubei-corp.com|mayibank.net|*.mayibank.net|mini-code.com|*.mini-code.com|mini.dev|*.mini.dev|miniapp.dev|*.miniapp.dev|miniprogram.dev|*.miniprogram.dev|mmstat.com|*.mmstat.com|mybank-corp.cn|*.mybank-corp.cn|nlark.com|*.nlark.com|oceanbase.com|*.oceanbase.com|rajax-inc.com|*.rajax-inc.com|rajax-inc.net|*.rajax-inc.net|rajax.me|*.rajax.me|shishike.com|*.shishike.com|sm.cn|*.sm.cn|taobao.com|*.taobao.com|taobao.net|*.taobao.net|taobao.org|*.taobao.org|tbcdn.cn|*.tbcdn.cn|tbsite.net|*.tbsite.net|tmall.com|*.tmall.com|tmall.net|*.tmall.net|ucweb.local|*.ucweb.local|weiyun.com|*.weiyun.com|yisou.com|*.yisou.com|yunos-inc.com|*.yunos-inc.com|yunos.com|*.yunos.com|zmxy-corp.com.cn|*.zmxy-corp.com.cn|alipayobjects.com|*.alipayobjects.com|cloudprinter-hz.taobao.ali.com|*.cloudprinter-hz.taobao.ali.com|done.cdn.alibabadesign.com|*.done.cdn.alibabadesign.com|h5.dingtalk.co|*.h5.dingtalk.co|weibo.com|*.weibo.com"/>
  </properties>
  <testcase name="check" classname="org.sonar.samples.java.checks.MyCustomSubscriptionRuleTest" time="0.05">
    <system-out><![CDATA[INFO  1 source file to be analyzed
INFO  1/1 source file has been analyzed
]]></system-out>
  </testcase>
</testsuite>